<?xml version="1.0" encoding="utf-8"?><testsuites name="pytest tests"><testsuite name="pytest" errors="0" failures="0" skipped="0" tests="14" time="1.954" timestamp="2026-06-03T10:04:19.044443+00:00" hostname="agent-env-3aa16e80-5190-4c78-8323-2be701b35261"><testcase classname="backend.tests.test_backend.TestDashboard" name="test_dashboard_metrics" time="0.273" /><testcase classname="backend.tests.test_backend.TestPrograms" name="test_list_programs" time="0.047" /><testcase classname="backend.tests.test_backend.TestPrograms" name="test_create_program" time="0.054" /><testcase classname="backend.tests.test_backend.TestPrograms" name="test_get_program" time="0.066" /><testcase classname="backend.tests.test_backend.TestPrograms" name="test_update_program" time="0.096" /><testcase classname="backend.tests.test_backend.TestPrograms" name="test_create_session_and_update" time="0.149" /><testcase classname="backend.tests.test_backend.TestPrograms" name="test_delete_program" time="0.103" /><testcase classname="backend.tests.test_backend.TestMeta" name="test_meta" time="0.045" /><testcase classname="backend.tests.test_backend.TestCalendar" name="test_calendar_current_month" time="0.044" /><testcase classname="backend.tests.test_backend.TestCalendar" name="test_clashes_endpoint" time="0.053" /><testcase classname="backend.tests.test_backend.TestSOW" name="test_sow_preview" time="0.043" /><testcase classname="backend.tests.test_backend.TestSOW" name="test_sow_download" time="0.063" /><testcase classname="backend.tests.test_backend.TestAttendance" name="test_attendance_update" time="0.605" /><testcase classname="backend.tests.test_backend.TestAttendance" name="test_attendance_missing_fields" time="0.043" /></testsuite></testsuites>