<?xml version="1.0" encoding="utf-8"?><testsuites name="pytest tests"><testsuite name="pytest" errors="0" failures="0" skipped="0" tests="46" time="11.415" timestamp="2026-06-03T11:01:57.459914+00:00" hostname="agent-env-3aa16e80-5190-4c78-8323-2be701b35261"><testcase classname="tests.test_backend.TestDashboard" name="test_dashboard_metrics" time="0.182" /><testcase classname="tests.test_backend.TestPrograms" name="test_list_programs" time="0.054" /><testcase classname="tests.test_backend.TestPrograms" name="test_create_program" time="0.048" /><testcase classname="tests.test_backend.TestPrograms" name="test_get_program" time="0.047" /><testcase classname="tests.test_backend.TestPrograms" name="test_update_program" time="0.105" /><testcase classname="tests.test_backend.TestPrograms" name="test_create_session_and_update" time="0.140" /><testcase classname="tests.test_backend.TestPrograms" name="test_delete_program" time="0.093" /><testcase classname="tests.test_backend.TestMeta" name="test_meta" time="0.095" /><testcase classname="tests.test_backend.TestCalendar" name="test_calendar_current_month" time="0.047" /><testcase classname="tests.test_backend.TestCalendar" name="test_clashes_endpoint" time="0.059" /><testcase classname="tests.test_backend.TestSOW" name="test_sow_preview" time="0.045" /><testcase classname="tests.test_backend.TestSOW" name="test_sow_download" time="0.069" /><testcase classname="tests.test_backend.TestAttendance" name="test_attendance_update" time="0.616" /><testcase classname="tests.test_backend.TestAttendance" name="test_attendance_missing_fields" time="0.046" /><testcase classname="tests.test_corrections.TestDetectDate" name="test_detect_date_returns_iso" time="0.119" /><testcase classname="tests.test_corrections.TestDetectDate" name="test_detect_date_missing_file_422" time="0.050" /><testcase classname="tests.test_corrections.TestAttendanceCorrections" name="test_consolidated_attentiveness_values_and_format" time="0.691" /><testcase classname="tests.test_corrections.TestAttendanceCorrections" name="test_consolidated_appended_cells_styled" time="0.000" /><testcase classname="tests.test_corrections.TestAttendanceCorrections" name="test_login_sheet_appended_styled" time="0.000" /><testcase classname="tests.test_corrections.TestSOWDates" name="test_sow_preview_has_dates" time="0.056" /><testcase classname="tests.test_corrections.TestSOWExcel" name="test_headers_have_sno_first_and_dates_last" time="0.076" /><testcase classname="tests.test_corrections.TestSOWExcel" name="test_no_subtotal_rows_only_grand_total" time="0.000" /><testcase classname="tests.test_corrections.TestSOWExcel" name="test_grand_total_sno_blank_and_sno_sequential" time="0.000" /><testcase classname="tests.test_corrections.TestSOWExcel" name="test_dates_cell_format" time="0.000" /><testcase classname="tests.test_features.TestHealth" name="test_dashboard_includes_health_per_program" time="0.417" /><testcase classname="tests.test_features.TestHealth" name="test_seeded_health_buckets" time="0.047" /><testcase classname="tests.test_features.TestHealth" name="test_health_equal_weight_math" time="0.048" /><testcase classname="tests.test_features.TestAvailability" name="test_availability_no_conflict" time="0.051" /><testcase classname="tests.test_features.TestAvailability" name="test_availability_detects_conflict_and_session_409" time="0.190" /><testcase classname="tests.test_features.TestAvailability" name="test_schedule_upload_preview" time="0.153" /><testcase classname="tests.test_features.TestAuth" name="test_login_sets_cookie_and_must_change" time="0.324" /><testcase classname="tests.test_features.TestAuth" name="test_me_with_cookie" time="0.396" /><testcase classname="tests.test_features.TestAuth" name="test_login_invalid" time="0.321" /><testcase classname="tests.test_features.TestAuth" name="test_change_password_clears_flag" time="1.573" /><testcase classname="tests.test_features.TestAuth" name="test_logout_clears_cookie" time="1.072" /><testcase classname="tests.test_features.TestAuth" name="test_bcrypt_hash_format" time="0.005" /><testcase classname="tests.test_features.TestAudit" name="test_audit_401_without_cookie" time="0.047" /><testcase classname="tests.test_features.TestAudit" name="test_audit_returns_rows_for_admin" time="0.399" /><testcase classname="tests.test_features.TestAudit" name="test_audit_filter_by_action" time="0.380" /><testcase classname="tests.test_features.TestAudit" name="test_audit_403_for_viewer" time="0.972" /><testcase classname="tests.test_features.TestAudit" name="test_audit_export_csv" time="0.374" /><testcase classname="tests.test_features.TestBackupAndUsers" name="test_backup_zip_structure" time="0.427" /><testcase classname="tests.test_features.TestBackupAndUsers" name="test_backup_last_meta" time="0.429" /><testcase classname="tests.test_features.TestBackupAndUsers" name="test_backup_requires_admin" time="0.046" /><testcase classname="tests.test_features.TestBackupAndUsers" name="test_user_crud" time="0.765" /><testcase classname="tests.test_features.TestBackupAndUsers" name="test_users_requires_admin" time="0.046" /></testsuite></testsuites>